# JRE version: Java(TM) SE Runtime Environment (8.0_11-b12) (build 1.8.0_11-b12)
# Java VM: Java HotSpot(TM) 64-Bit Server VM (25.11-b03 mixed mode bsd-amd64 compressed oops)
Heap:
 PSYoungGen      total 5632K, used 2534K [0x00000007aab00000, 0x00000007ab700000, 0x00000007c0000000)
  eden space 4096K, 26% used [0x00000007aab00000,0x00000007aac11a20,0x00000007aaf00000)
  from space 1536K, 93% used [0x00000007aaf00000,0x00000007ab068000,0x00000007ab080000)
  to   space 2048K, 0% used [0x00000007ab500000,0x00000007ab500000,0x00000007ab700000)
 ParOldGen       total 64000K, used 1245K [0x0000000780000000, 0x0000000783e80000, 0x00000007aab00000)
  object space 64000K, 1% used [0x0000000780000000,0x00000007801376d8,0x0000000783e80000)
 Metaspace       used 6730K, capacity 6843K, committed 6912K, reserved 1056768K
  class space    used 679K, capacity 724K, committed 768K, reserved 1048576K
GC Heap History (10 events):
Event: 0.395 GC heap before
{Heap before GC invocations=3 (full 0):
 PSYoungGen      total 1536K, used 1502K [0x00000007aab00000, 0x00000007aad00000, 0x00000007c0000000)
  eden space 1024K, 99% used [0x00000007aab00000,0x00000007aabffaf8,0x00000007aac00000)
  from space 512K, 93% used [0x00000007aac80000,0x00000007aacf8020,0x00000007aad00000)
  to   space 512K, 0% used [0x00000007aac00000,0x00000007aac00000,0x00000007aac80000)
 ParOldGen       total 64000K, used 56K [0x0000000780000000, 0x0000000783e80000, 0x00000007aab00000)
  object space 64000K, 0% used [0x0000000780000000,0x000000078000e000,0x0000000783e80000)
 Metaspace       used 3125K, capacity 4728K, committed 4864K, reserved 1056768K
  class space    used 338K, capacity 424K, committed 512K, reserved 1048576K
Event: 0.396 GC heap after
Heap after GC invocations=3 (full 0):
 PSYoungGen      total 1536K, used 499K [0x00000007aab00000, 0x00000007aae00000, 0x00000007c0000000)
  eden space 1024K, 0% used [0x00000007aab00000,0x00000007aab00000,0x00000007aac00000)
  from space 512K, 97% used [0x00000007aac00000,0x00000007aac7cd20,0x00000007aac80000)
  to   space 512K, 0% used [0x00000007aad80000,0x00000007aad80000,0x00000007aae00000)
 ParOldGen       total 64000K, used 278K [0x0000000780000000, 0x0000000783e80000, 0x00000007aab00000)
  object space 64000K, 0% used [0x0000000780000000,0x0000000780045848,0x0000000783e80000)
 Metaspace       used 3125K, capacity 4728K, committed 4864K, reserved 1056768K
  class space    used 338K, capacity 424K, committed 512K, reserved 1048576K
}
Event: 0.727 GC heap before
{Heap before GC invocations=4 (full 0):
 PSYoungGen      total 1536K, used 1523K [0x00000007aab00000, 0x00000007aae00000, 0x00000007c0000000)
  eden space 1024K, 100% used [0x00000007aab00000,0x00000007aac00000,0x00000007aac00000)
  from space 512K, 97% used [0x00000007aac00000,0x00000007aac7cd20,0x00000007aac80000)
  to   space 512K, 0% used [0x00000007aad80000,0x00000007aad80000,0x00000007aae00000)
 ParOldGen       total 64000K, used 278K [0x0000000780000000, 0x0000000783e80000, 0x00000007aab00000)
  object space 64000K, 0% used [0x0000000780000000,0x0000000780045848,0x0000000783e80000)
 Metaspace       used 4620K, capacity 4978K, committed 5248K, reserved 1056768K
  class space    used 511K, capacity 537K, committed 640K, reserved 1048576K
Event: 0.729 GC heap after
Heap after GC invocations=4 (full 0):
 PSYoungGen      total 2560K, used 480K [0x00000007aab00000, 0x00000007aae00000, 0x00000007c0000000)
  eden space 2048K, 0% used [0x00000007aab00000,0x00000007aab00000,0x00000007aad00000)
  from space 512K, 93% used [0x00000007aad80000,0x00000007aadf8020,0x00000007aae00000)
  to   space 512K, 0% used [0x00000007aad00000,0x00000007aad00000,0x00000007aad80000)
 ParOldGen       total 64000K, used 552K [0x0000000780000000, 0x0000000783e80000, 0x00000007aab00000)
  object space 64000K, 0% used [0x0000000780000000,0x000000078008a138,0x0000000783e80000)
 Metaspace       used 4620K, capacity 4978K, committed 5248K, reserved 1056768K
  class space    used 511K, capacity 537K, committed 640K, reserved 1048576K
}
Event: 0.868 GC heap before
{Heap before GC invocations=5 (full 0):
 PSYoungGen      total 2560K, used 2528K [0x00000007aab00000, 0x00000007aae00000, 0x00000007c0000000)
  eden space 2048K, 100% used [0x00000007aab00000,0x00000007aad00000,0x00000007aad00000)
  from space 512K, 93% used [0x00000007aad80000,0x00000007aadf8020,0x00000007aae00000)
  to   space 512K, 0% used [0x00000007aad00000,0x00000007aad00000,0x00000007aad80000)
 ParOldGen       total 64000K, used 552K [0x0000000780000000, 0x0000000783e80000, 0x00000007aab00000)
  object space 64000K, 0% used [0x0000000780000000,0x000000078008a138,0x0000000783e80000)
 Metaspace       used 5529K, capacity 5647K, committed 5760K, reserved 1056768K
  class space    used 593K, capacity 626K, committed 640K, reserved 1048576K
Event: 0.871 GC heap after
Heap after GC invocations=5 (full 0):
 PSYoungGen      total 2560K, used 512K [0x00000007aab00000, 0x00000007ab200000, 0x00000007c0000000)
  eden space 2048K, 0% used [0x00000007aab00000,0x00000007aab00000,0x00000007aad00000)
  from space 512K, 100% used [0x00000007aad00000,0x00000007aad80000,0x00000007aad80000)
  to   space 1536K, 0% used [0x00000007ab080000,0x00000007ab080000,0x00000007ab200000)
 ParOldGen       total 64000K, used 1029K [0x0000000780000000, 0x0000000783e80000, 0x00000007aab00000)
  object space 64000K, 1% used [0x0000000780000000,0x00000007801016b8,0x0000000783e80000)
 Metaspace       used 5529K, capacity 5647K, committed 5760K, reserved 1056768K
  class space    used 593K, capacity 626K, committed 640K, reserved 1048576K
}
Event: 1.079 GC heap before
{Heap before GC invocations=6 (full 0):
 PSYoungGen      total 2560K, used 2560K [0x00000007aab00000, 0x00000007ab200000, 0x00000007c0000000)
  eden space 2048K, 100% used [0x00000007aab00000,0x00000007aad00000,0x00000007aad00000)
  from space 512K, 100% used [0x00000007aad00000,0x00000007aad80000,0x00000007aad80000)
  to   space 1536K, 0% used [0x00000007ab080000,0x00000007ab080000,0x00000007ab200000)
 ParOldGen       total 64000K, used 1029K [0x0000000780000000, 0x0000000783e80000, 0x00000007aab00000)
  object space 64000K, 1% used [0x0000000780000000,0x00000007801016b8,0x0000000783e80000)
 Metaspace       used 6222K, capacity 6351K, committed 6656K, reserved 1056768K
  class space    used 632K, capacity 690K, committed 768K, reserved 1048576K
Event: 1.083 GC heap after
Heap after GC invocations=6 (full 0):
 PSYoungGen      total 5632K, used 1165K [0x00000007aab00000, 0x00000007ab200000, 0x00000007c0000000)
  eden space 4096K, 0% used [0x00000007aab00000,0x00000007aab00000,0x00000007aaf00000)
  from space 1536K, 75% used [0x00000007ab080000,0x00000007ab1a37e8,0x00000007ab200000)
  to   space 1536K, 0% used [0x00000007aaf00000,0x00000007aaf00000,0x00000007ab080000)
 ParOldGen       total 64000K, used 1037K [0x0000000780000000, 0x0000000783e80000, 0x00000007aab00000)
  object space 64000K, 1% used [0x0000000780000000,0x00000007801036b8,0x0000000783e80000)
 Metaspace       used 6222K, capacity 6351K, committed 6656K, reserved 1056768K
  class space    used 632K, capacity 690K, committed 768K, reserved 1048576K
}
Event: 1.794 GC heap before
{Heap before GC invocations=7 (full 0):
 PSYoungGen      total 5632K, used 5261K [0x00000007aab00000, 0x00000007ab200000, 0x00000007c0000000)
  eden space 4096K, 100% used [0x00000007aab00000,0x00000007aaf00000,0x00000007aaf00000)
  from space 1536K, 75% used [0x00000007ab080000,0x00000007ab1a37e8,0x00000007ab200000)
  to   space 1536K, 0% used [0x00000007aaf00000,0x00000007aaf00000,0x00000007ab080000)
 ParOldGen       total 64000K, used 1037K [0x0000000780000000, 0x0000000783e80000, 0x00000007aab00000)
  object space 64000K, 1% used [0x0000000780000000,0x00000007801036b8,0x0000000783e80000)
 Metaspace       used 6541K, capacity 6651K, committed 6912K, reserved 1056768K
  class space    used 669K, capacity 724K, committed 768K, reserved 1048576K
Event: 1.797 GC heap after
Heap after GC invocations=7 (full 0):
 PSYoungGen      total 5632K, used 1440K [0x00000007aab00000, 0x00000007ab700000, 0x00000007c0000000)
  eden space 4096K, 0% used [0x00000007aab00000,0x00000007aab00000,0x00000007aaf00000)
  from space 1536K, 93% used [0x00000007aaf00000,0x00000007ab068000,0x00000007ab080000)
  to   space 2048K, 0% used [0x00000007ab500000,0x00000007ab500000,0x00000007ab700000)
 ParOldGen       total 64000K, used 1245K [0x0000000780000000, 0x0000000783e80000, 0x00000007aab00000)
  object space 64000K, 1% used [0x0000000780000000,0x00000007801376d8,0x0000000783e80000)
 Metaspace       used 6541K, capacity 6651K, committed 6912K, reserved 1056768K
  class space    used 669K, capacity 724K, committed 768K, reserved 1048576K
}

