# JRE version: Java(TM) SE Runtime Environment (8.0_11-b12) (build 1.8.0_11-b12)
# Java VM: Java HotSpot(TM) 64-Bit Server VM (25.11-b03 mixed mode bsd-amd64 compressed oops)
Heap:
 PSYoungGen      total 1536K, used 960K [0x00000007aab00000, 0x00000007aad80000, 0x00000007c0000000)
  eden space 512K, 100% used [0x00000007aab00000,0x00000007aab80000,0x00000007aab80000)
  from space 1024K, 43% used [0x00000007aab80000,0x00000007aabf0000,0x00000007aac80000)
  to   space 1024K, 0% used [0x00000007aac80000,0x00000007aac80000,0x00000007aad80000)
 ParOldGen       total 64000K, used 837K [0x0000000780000000, 0x0000000783e80000, 0x00000007aab00000)
  object space 64000K, 1% used [0x0000000780000000,0x00000007800d17e0,0x0000000783e80000)
 Metaspace       used 5080K, capacity 5236K, committed 5504K, reserved 1056768K
  class space    used 574K, capacity 626K, committed 640K, reserved 1048576K
GC Heap History (10 events):
Event: 4.785 GC heap before
{Heap before GC invocations=3 (full 0):
 PSYoungGen      total 1024K, used 1008K [0x00000007aab00000, 0x00000007aac80000, 0x00000007c0000000)
  eden space 512K, 100% used [0x00000007aab00000,0x00000007aab80000,0x00000007aab80000)
  from space 512K, 96% used [0x00000007aac00000,0x00000007aac7c010,0x00000007aac80000)
  to   space 512K, 0% used [0x00000007aab80000,0x00000007aab80000,0x00000007aac00000)
 ParOldGen       total 64000K, used 72K [0x0000000780000000, 0x0000000783e80000, 0x00000007aab00000)
  object space 64000K, 0% used [0x0000000780000000,0x0000000780012000,0x0000000783e80000)
 Metaspace       used 2988K, capacity 4664K, committed 4864K, reserved 1056768K
  class space    used 322K, capacity 424K, committed 512K, reserved 1048576K
Event: 4.786 GC heap after
Heap after GC invocations=3 (full 0):
 PSYoungGen      total 1024K, used 496K [0x00000007aab00000, 0x00000007aac80000, 0x00000007c0000000)
  eden space 512K, 0% used [0x00000007aab00000,0x00000007aab00000,0x00000007aab80000)
  from space 512K, 96% used [0x00000007aab80000,0x00000007aabfc010,0x00000007aac00000)
  to   space 512K, 0% used [0x00000007aac00000,0x00000007aac00000,0x00000007aac80000)
 ParOldGen       total 64000K, used 189K [0x0000000780000000, 0x0000000783e80000, 0x00000007aab00000)
  object space 64000K, 0% used [0x0000000780000000,0x000000078002f500,0x0000000783e80000)
 Metaspace       used 2988K, capacity 4664K, committed 4864K, reserved 1056768K
  class space    used 322K, capacity 424K, committed 512K, reserved 1048576K
}
Event: 5.222 GC heap before
{Heap before GC invocations=4 (full 0):
 PSYoungGen      total 1024K, used 1002K [0x00000007aab00000, 0x00000007aac80000, 0x00000007c0000000)
  eden space 512K, 98% used [0x00000007aab00000,0x00000007aab7ea90,0x00000007aab80000)
  from space 512K, 96% used [0x00000007aab80000,0x00000007aabfc010,0x00000007aac00000)
  to   space 512K, 0% used [0x00000007aac00000,0x00000007aac00000,0x00000007aac80000)
 ParOldGen       total 64000K, used 189K [0x0000000780000000, 0x0000000783e80000, 0x00000007aab00000)
  object space 64000K, 0% used [0x0000000780000000,0x000000078002f500,0x0000000783e80000)
 Metaspace       used 3126K, capacity 4728K, committed 4864K, reserved 1056768K
  class space    used 338K, capacity 424K, committed 512K, reserved 1048576K
Event: 5.224 GC heap after
Heap after GC invocations=4 (full 0):
 PSYoungGen      total 1024K, used 512K [0x00000007aab00000, 0x00000007aac80000, 0x00000007c0000000)
  eden space 512K, 0% used [0x00000007aab00000,0x00000007aab00000,0x00000007aab80000)
  from space 512K, 100% used [0x00000007aac00000,0x00000007aac80000,0x00000007aac80000)
  to   space 512K, 0% used [0x00000007aab80000,0x00000007aab80000,0x00000007aac00000)
 ParOldGen       total 64000K, used 288K [0x0000000780000000, 0x0000000783e80000, 0x00000007aab00000)
  object space 64000K, 0% used [0x0000000780000000,0x0000000780048078,0x0000000783e80000)
 Metaspace       used 3126K, capacity 4728K, committed 4864K, reserved 1056768K
  class space    used 338K, capacity 424K, committed 512K, reserved 1048576K
}
Event: 13.013 GC heap before
{Heap before GC invocations=5 (full 0):
 PSYoungGen      total 1024K, used 1024K [0x00000007aab00000, 0x00000007aac80000, 0x00000007c0000000)
  eden space 512K, 100% used [0x00000007aab00000,0x00000007aab80000,0x00000007aab80000)
  from space 512K, 100% used [0x00000007aac00000,0x00000007aac80000,0x00000007aac80000)
  to   space 512K, 0% used [0x00000007aab80000,0x00000007aab80000,0x00000007aac00000)
 ParOldGen       total 64000K, used 288K [0x0000000780000000, 0x0000000783e80000, 0x00000007aab00000)
  object space 64000K, 0% used [0x0000000780000000,0x0000000780048078,0x0000000783e80000)
 Metaspace       used 4045K, capacity 4832K, committed 5120K, reserved 1056768K
  class space    used 449K, capacity 464K, committed 512K, reserved 1048576K
Event: 13.016 GC heap after
Heap after GC invocations=5 (full 0):
 PSYoungGen      total 1024K, used 496K [0x00000007aab00000, 0x00000007aad80000, 0x00000007c0000000)
  eden space 512K, 0% used [0x00000007aab00000,0x00000007aab00000,0x00000007aab80000)
  from space 512K, 96% used [0x00000007aab80000,0x00000007aabfc010,0x00000007aac00000)
  to   space 1024K, 0% used [0x00000007aac80000,0x00000007aac80000,0x00000007aad80000)
 ParOldGen       total 64000K, used 449K [0x0000000780000000, 0x0000000783e80000, 0x00000007aab00000)
  object space 64000K, 0% used [0x0000000780000000,0x0000000780070780,0x0000000783e80000)
 Metaspace       used 4045K, capacity 4832K, committed 5120K, reserved 1056768K
  class space    used 449K, capacity 464K, committed 512K, reserved 1048576K
}
Event: 14.029 GC heap before
{Heap before GC invocations=6 (full 0):
 PSYoungGen      total 1024K, used 1008K [0x00000007aab00000, 0x00000007aad80000, 0x00000007c0000000)
  eden space 512K, 100% used [0x00000007aab00000,0x00000007aab80000,0x00000007aab80000)
  from space 512K, 96% used [0x00000007aab80000,0x00000007aabfc010,0x00000007aac00000)
  to   space 1024K, 0% used [0x00000007aac80000,0x00000007aac80000,0x00000007aad80000)
 ParOldGen       total 64000K, used 449K [0x0000000780000000, 0x0000000783e80000, 0x00000007aab00000)
  object space 64000K, 0% used [0x0000000780000000,0x0000000780070780,0x0000000783e80000)
 Metaspace       used 4532K, capacity 4950K, committed 5120K, reserved 1056768K
  class space    used 502K, capacity 507K, committed 512K, reserved 1048576K
Event: 14.032 GC heap after
Heap after GC invocations=6 (full 0):
 PSYoungGen      total 1536K, used 624K [0x00000007aab00000, 0x00000007aad80000, 0x00000007c0000000)
  eden space 512K, 0% used [0x00000007aab00000,0x00000007aab00000,0x00000007aab80000)
  from space 1024K, 60% used [0x00000007aac80000,0x00000007aad1c010,0x00000007aad80000)
  to   space 1024K, 0% used [0x00000007aab80000,0x00000007aab80000,0x00000007aac80000)
 ParOldGen       total 64000K, used 457K [0x0000000780000000, 0x0000000783e80000, 0x00000007aab00000)
  object space 64000K, 0% used [0x0000000780000000,0x0000000780072780,0x0000000783e80000)
 Metaspace       used 4532K, capacity 4950K, committed 5120K, reserved 1056768K
  class space    used 502K, capacity 507K, committed 512K, reserved 1048576K
}
Event: 14.097 GC heap before
{Heap before GC invocations=7 (full 0):
 PSYoungGen      total 1536K, used 1136K [0x00000007aab00000, 0x00000007aad80000, 0x00000007c0000000)
  eden space 512K, 100% used [0x00000007aab00000,0x00000007aab80000,0x00000007aab80000)
  from space 1024K, 60% used [0x00000007aac80000,0x00000007aad1c010,0x00000007aad80000)
  to   space 1024K, 0% used [0x00000007aab80000,0x00000007aab80000,0x00000007aac80000)
 ParOldGen       total 64000K, used 457K [0x0000000780000000, 0x0000000783e80000, 0x00000007aab00000)
  object space 64000K, 0% used [0x0000000780000000,0x0000000780072780,0x0000000783e80000)
 Metaspace       used 4771K, capacity 5036K, committed 5248K, reserved 1056768K
  class space    used 535K, capacity 582K, committed 640K, reserved 1048576K
Event: 14.099 GC heap after
Heap after GC invocations=7 (full 0):
 PSYoungGen      total 1536K, used 448K [0x00000007aab00000, 0x00000007aad80000, 0x00000007c0000000)
  eden space 512K, 0% used [0x00000007aab00000,0x00000007aab00000,0x00000007aab80000)
  from space 1024K, 43% used [0x00000007aab80000,0x00000007aabf0000,0x00000007aac80000)
  to   space 1024K, 0% used [0x00000007aac80000,0x00000007aac80000,0x00000007aad80000)
 ParOldGen       total 64000K, used 837K [0x0000000780000000, 0x0000000783e80000, 0x00000007aab00000)
  object space 64000K, 1% used [0x0000000780000000,0x00000007800d17e0,0x0000000783e80000)
 Metaspace       used 4771K, capacity 5036K, committed 5248K, reserved 1056768K
  class space    used 535K, capacity 582K, committed 640K, reserved 1048576K
}

